<?xml version="1.0" encoding="UTF-8"?>
<!-- Generated by org.testng.reporters.JUnitXMLReporter -->
<testsuite ignored="0" hostname="ting" failures="0" tests="6" name="Default test" time="272.752" errors="0" timestamp="2022-11-01T08:50:08 IST">
  <testcase classname="TestCases.GroupTest" name="loginToApp1Test" time="1.502"/>
  <testcase classname="TestCases.GroupTest" name="loginToApp2Test" time="1.941"/>
  <testcase classname="TestCases.GroupTest" name="verifyBotLogoTest" time="0.117"/>
  <testcase classname="TestCases.GroupTest" name="verifyLoginLogoLogoTest" time="0.102"/>
  <testcase classname="TestCases.GroupTest" name="verifyTitleTest" time="0.109"/>
  <testcase classname="TestCases.GroupTest" name="verifyUrlTest" time="0.025"/>
</testsuite> <!-- Default test -->
