<?xml version="1.0" encoding="UTF-8"?>
<!-- Generated by org.testng.reporters.JUnitXMLReporter -->
<testsuite ignored="5" hostname="ting" failures="0" tests="1" name="Test" time="13.706" errors="0" timestamp="2022-11-01T09:16:37 IST">
  <testcase classname="TestCases.GroupTest" name="verifyLoginLogoLogoTest" time="0.134"/>
  <testcase classname="TestCases.GroupTest" name="loginToApp2Test" time="0.0">
    <ignored/>
  </testcase> <!-- loginToApp2Test -->
  <testcase classname="TestCases.GroupTest" name="verifyTitleTest" time="0.0">
    <ignored/>
  </testcase> <!-- verifyTitleTest -->
  <testcase classname="TestCases.GroupTest" name="verifyBotLogoTest" time="0.0">
    <ignored/>
  </testcase> <!-- verifyBotLogoTest -->
  <testcase classname="TestCases.GroupTest" name="verifyUrlTest" time="0.0">
    <ignored/>
  </testcase> <!-- verifyUrlTest -->
  <testcase classname="TestCases.GroupTest" name="loginToApp1Test" time="0.0">
    <ignored/>
  </testcase> <!-- loginToApp1Test -->
</testsuite> <!-- Test -->
