<?xml version="1.0" encoding="UTF-8"?>
<testng-results ignored="5" total="6" passed="1" failed="0" skipped="0">
  <reporter-output>
  </reporter-output>
  <suite started-at="2022-11-01T09:16:24 IST" name="Suite" finished-at="2022-11-01T09:16:37 IST" duration-ms="13706">
    <groups>
      <group name="Sanity">
        <method signature="GroupTest.verifyLoginLogoLogoTest()[pri:0, instance:TestCases.GroupTest@10d307f1]" name="verifyLoginLogoLogoTest" class="TestCases.GroupTest"/>
      </group> <!-- Sanity -->
      <group name="Regression">
        <method signature="GroupTest.verifyLoginLogoLogoTest()[pri:0, instance:TestCases.GroupTest@10d307f1]" name="verifyLoginLogoLogoTest" class="TestCases.GroupTest"/>
      </group> <!-- Regression -->
      <group name="Smoke">
        <method signature="GroupTest.verifyLoginLogoLogoTest()[pri:0, instance:TestCases.GroupTest@10d307f1]" name="verifyLoginLogoLogoTest" class="TestCases.GroupTest"/>
      </group> <!-- Smoke -->
    </groups>
    <test started-at="2022-11-01T09:16:24 IST" name="Test" finished-at="2022-11-01T09:16:37 IST" duration-ms="13706">
      <class name="TestCases.GroupTest">
        <test-method is-config="true" signature="setup()[pri:0, instance:TestCases.GroupTest@10d307f1]" started-at="2022-11-01T09:16:24 IST" name="setup" finished-at="2022-11-01T09:16:36 IST" duration-ms="12712" status="PASS">
          <reporter-output>
          </reporter-output>
        </test-method> <!-- setup -->
        <test-method signature="verifyLoginLogoLogoTest()[pri:0, instance:TestCases.GroupTest@10d307f1]" started-at="2022-11-01T09:16:36 IST" name="verifyLoginLogoLogoTest" finished-at="2022-11-01T09:16:37 IST" duration-ms="134" status="PASS">
          <reporter-output>
          </reporter-output>
        </test-method> <!-- verifyLoginLogoLogoTest -->
        <test-method is-config="true" signature="closeBrowser(org.testng.ITestResult)[pri:0, instance:TestCases.GroupTest@10d307f1]" started-at="2022-11-01T09:16:37 IST" name="closeBrowser" finished-at="2022-11-01T09:16:37 IST" duration-ms="751" status="PASS">
          <params>
            <param index="0">
              <value>
                <![CDATA[[TestResult name=verifyLoginLogoLogoTest status=SUCCESS method=GroupTest.verifyLoginLogoLogoTest()[pri:0, instance:TestCases.GroupTest@10d307f1] output={null}]]]>
              </value>
            </param>
          </params>
          <reporter-output>
          </reporter-output>
        </test-method> <!-- closeBrowser -->
      </class> <!-- TestCases.GroupTest -->
    </test> <!-- Test -->
  </suite> <!-- Suite -->
</testng-results>
